2021-10-29 16:20:30,416 INFO  [ContextLoaderListener] ***********************************************************************************
2021-10-29 16:20:30,416 INFO  [ContextLoaderListener]    _____ _                   _              _          
2021-10-29 16:20:30,416 INFO  [ContextLoaderListener]   / ____| |                 | |            (_)         
2021-10-29 16:20:30,416 INFO  [ContextLoaderListener]  | (___ | |_ _ __ _   _  ___| |_ _   _ _ __ _ _____ __ 
2021-10-29 16:20:30,417 INFO  [ContextLoaderListener]   \___ \| __| '__| | | |/ __| __| | | | '__| |_  / '__|
2021-10-29 16:20:30,417 INFO  [ContextLoaderListener]   ____) | |_| |  | |_| | (__| |_| |_| | |  | |/ /| |   
2021-10-29 16:20:30,417 INFO  [ContextLoaderListener]  |_____/ \__|_|   \__,_|\___|\__|\__,_|_|  |_/___|_|   
2021-10-29 16:20:30,417 INFO  [ContextLoaderListener]                                                        
2021-10-29 16:20:30,417 INFO  [ContextLoaderListener]  Structurizr Lite
2021-10-29 16:20:30,418 INFO  [ContextLoaderListener]  Build: 2544
2021-10-29 16:20:30,419 INFO  [ContextLoaderListener]  Built: 2021-10-18T18:38:30Z
2021-10-29 16:20:30,439 INFO  [ContextLoaderListener]  Structurizr DSL: v1.16.0
2021-10-29 16:20:30,439 INFO  [ContextLoaderListener] 
2021-10-29 16:20:30,439 INFO  [ContextLoaderListener]  Memory: used=101MB; free=154MB; total=256MB; max=256MB
2021-10-29 16:20:30,439 INFO  [ContextLoaderListener] ***********************************************************************************
2021-10-29 16:45:48,709 WARN  [View] There is no layout information for the element named Index of all hospital's devices drivers on view hospitalBuildingMaintananceSystemContextDiagram
2021-10-29 16:55:48,717 WARN  [View] There is no layout information for the element named Regular User on view hospitalBuildingMaintananceContainerDiagram
2021-10-29 16:55:48,717 WARN  [View] There is no layout information for the element named Administrator on view hospitalBuildingMaintananceContainerDiagram
2021-10-29 17:06:52,266 ERROR [FileSystemWorkspaceComponent] com.structurizr.dsl.StructurizrDslParserException: The source element "harvestor" does not exist at line 59: harvestor -> hospitalEmployeeDatabase "Harvests metadata records from"
2021-10-29 17:06:52,267 ERROR [ApiController] com.structurizr.lite.web.ApiException: workspace.dsl: The source element "harvestor" does not exist at line 59: harvestor -> hospitalEmployeeDatabase "Harvests metadata records from"
2021-10-29 17:25:25,808 ERROR [FileSystemWorkspaceComponent] com.structurizr.dsl.StructurizrDslParserException: A container named 'Data Manager' already exists for this software system at line 24: deviceDataManager = container "Data Manager" "Manages data about the users and devices." "DeviceDataManager"
2021-10-29 17:25:25,809 ERROR [ApiController] com.structurizr.lite.web.ApiException: workspace.dsl: A container named 'Data Manager' already exists for this software system at line 24: deviceDataManager = container "Data Manager" "Manages data about the users and devices." "DeviceDataManager"
2021-10-29 17:25:51,469 ERROR [FileSystemWorkspaceComponent] com.structurizr.dsl.StructurizrDslParserException: The destination element "driversRegistry" does not exist at line 46: hospitalBuildingMaintanance -> driversRegistry "Harvests metadata records from"
2021-10-29 17:25:51,474 ERROR [ApiController] com.structurizr.lite.web.ApiException: workspace.dsl: The destination element "driversRegistry" does not exist at line 46: hospitalBuildingMaintanance -> driversRegistry "Harvests metadata records from"
2021-10-29 17:26:22,388 WARN  [View] There is no layout information for the element named Devices Registry on view hospitalBuildingMaintananceContainerDiagram
2021-10-29 17:44:12,917 WARN  [View] There is no layout information for the element named Device on view hospitalBuildingMaintananceSystemContextDiagram
2021-10-29 17:44:12,918 WARN  [View] There is no layout information for the element named Device on view hospitalBuildingMaintananceContainerDiagram
2021-10-29 17:50:59,823 ERROR [FileSystemWorkspaceComponent] com.structurizr.dsl.StructurizrDslParserException: The destination element "recordStorage" does not exist at line 60: server -> recordStorage "Uses for fast retrieval of metadata records details"
2021-10-29 17:50:59,823 ERROR [ApiController] com.structurizr.lite.web.ApiException: workspace.dsl: The destination element "recordStorage" does not exist at line 60: server -> recordStorage "Uses for fast retrieval of metadata records details"
2021-10-29 17:51:17,486 ERROR [FileSystemWorkspaceComponent] com.structurizr.dsl.StructurizrDslParserException: The destination element "recordStorage" does not exist at line 88: recordDetailGateway -> recordStorage "Provides access to"
2021-10-29 17:51:17,486 ERROR [ApiController] com.structurizr.lite.web.ApiException: workspace.dsl: The destination element "recordStorage" does not exist at line 88: recordDetailGateway -> recordStorage "Provides access to"
2021-10-29 17:51:36,425 WARN  [PageNotFound] No mapping found for HTTP request with URI [/error] in DispatcherServlet with name 'root'
2021-10-29 17:51:36,456 WARN  [PageNotFound] Request method 'POST' not supported
2021-10-29 17:53:40,793 ERROR [FileSystemWorkspaceComponent] com.structurizr.dsl.StructurizrDslParserException: Unexpected tokens at line 39: device = component "Device" "A device that is subject to the HBMS" "Consumer"
2021-10-29 17:53:40,793 ERROR [ApiController] com.structurizr.lite.web.ApiException: workspace.dsl: Unexpected tokens at line 39: device = component "Device" "A device that is subject to the HBMS" "Consumer"
2021-10-29 17:53:45,760 WARN  [PageNotFound] No mapping found for HTTP request with URI [/error] in DispatcherServlet with name 'root'
2021-10-29 17:53:45,761 WARN  [PageNotFound] Request method 'POST' not supported
2021-10-29 17:53:59,070 ERROR [FileSystemWorkspaceComponent] com.structurizr.dsl.StructurizrDslParserException: Unexpected tokens at line 39: device = component "Device" "A device that is subject to the HBMS" "Component"
2021-10-29 17:53:59,070 ERROR [ApiController] com.structurizr.lite.web.ApiException: workspace.dsl: Unexpected tokens at line 39: device = component "Device" "A device that is subject to the HBMS" "Component"
2021-10-29 17:54:10,346 ERROR [FileSystemWorkspaceComponent] com.structurizr.dsl.StructurizrDslParserException: The identifier "device" is already in use at line 39: device = person "Device" "A device that is subject to the HBMS" "Consumer"
2021-10-29 17:54:10,346 ERROR [ApiController] com.structurizr.lite.web.ApiException: workspace.dsl: The identifier "device" is already in use at line 39: device = person "Device" "A device that is subject to the HBMS" "Consumer"
2021-10-29 17:54:19,061 WARN  [PageNotFound] No mapping found for HTTP request with URI [/error] in DispatcherServlet with name 'root'
2021-10-29 17:54:19,062 WARN  [PageNotFound] Request method 'POST' not supported
2021-10-29 17:54:20,417 ERROR [FileSystemWorkspaceComponent] com.structurizr.dsl.StructurizrDslParserException: The identifier "device" is already in use at line 39: device = person "Device" "A device that is subject to the HBMS" "Consumer"
2021-10-29 17:54:20,417 ERROR [ApiController] com.structurizr.lite.web.ApiException: workspace.dsl: The identifier "device" is already in use at line 39: device = person "Device" "A device that is subject to the HBMS" "Consumer"
2021-10-29 17:54:51,522 WARN  [PageNotFound] No mapping found for HTTP request with URI [/error] in DispatcherServlet with name 'root'
2021-10-29 17:54:51,524 WARN  [PageNotFound] Request method 'POST' not supported
2021-10-29 17:54:52,871 ERROR [FileSystemWorkspaceComponent] com.structurizr.dsl.StructurizrDslParserException: The destination element "recordIndex" does not exist at line 59: server -> recordIndex "Uses for fast retrieval of metadata records lists"
2021-10-29 17:54:52,871 ERROR [ApiController] com.structurizr.lite.web.ApiException: workspace.dsl: The destination element "recordIndex" does not exist at line 59: server -> recordIndex "Uses for fast retrieval of metadata records lists"
2021-10-29 17:55:23,968 WARN  [PageNotFound] No mapping found for HTTP request with URI [/error] in DispatcherServlet with name 'root'
2021-10-29 17:55:23,971 WARN  [PageNotFound] Request method 'POST' not supported
2021-10-29 17:59:36,774 INFO  [ContextLoaderListener] ********************************************************
2021-10-29 17:59:36,775 INFO  [ContextLoaderListener]  Stopping Structurizr Lite
2021-10-29 17:59:36,775 INFO  [ContextLoaderListener] ********************************************************
